Star Ticket Operator Gradle/app/build/outputs/logs/manifest-merger-debug-report.txt
-- Merging decision tree log ---
manifest
ADDED from src/main/AndroidManifest.xml:1:1-60:12
	package
		ADDED from src/main/AndroidManifest.xml:2:5-38
		INJECTED from src/main/AndroidManifest.xml
		INJECTED from src/main/AndroidManifest.xml
	android:versionName
		ADDED from src/main/AndroidManifest.xml:4:5-50
		INJECTED from src/main/AndroidManifest.xml
		INJECTED from src/main/AndroidManifest.xml
	android:versionCode
		ADDED from src/main/AndroidManifest.xml:3:5-29
		INJECTED from src/main/AndroidManifest.xml
		INJECTED from src/main/AndroidManifest.xml
	xmlns:android
		ADDED from src/main/AndroidManifest.xml:1:11-69
uses-sdk
ADDED from src/main/AndroidManifest.xml:6:5-8:41
MERGED from [com.squareup:android-times-square:1.6.5] AndroidManifest.xml:7:5-43
MERGED from [com.github.dmytrodanylyk.shadow-layout:library:1.0.3] AndroidManifest.xml:8:5-10:41
MERGED from [com.afollestad.material-dialogs:core:0.9.2.1] AndroidManifest.xml:8:5-11:75
MERGED from [com.android.support:support-v13:25.1.0] AndroidManifest.xml:21:5-23:55
MERGED from [me.zhanghai.android.materialprogressbar:library:1.3.0] AndroidManifest.xml:12:5-14:41
MERGED from [com.orhanobut:dialogplus:1.11] AndroidManifest.xml:6:5-8:41
MERGED from [com.rengwuxian.materialedittext:library:2.1.4] AndroidManifest.xml:6:5-8:41
MERGED from [com.android.support:design:25.1.0] AndroidManifest.xml:21:5-23:62
MERGED from [com.android.support:recyclerview-v7:25.1.0] AndroidManifest.xml:20:5-43
MERGED from [com.android.support:transition:25.1.0] AndroidManifest.xml:20:5-44
MERGED from [Star Ticket Operator Gradle:sKAlertMessage:unspecified] AndroidManifest.xml:7:5-9:41
MERGED from [Star Ticket Operator Gradle:sKCalendar:unspecified] AndroidManifest.xml:7:5-9:41
MERGED from [Star Ticket Operator Gradle:sKConnectionDetector:unspecified] AndroidManifest.xml:7:5-9:41
MERGED from [com.android.support:appcompat-v7:25.1.0] AndroidManifest.xml:21:5-23:78
MERGED from [com.android.support:support-v4:25.1.0] AndroidManifest.xml:21:5-23:54
MERGED from [com.android.support:support-fragment:25.1.0] AndroidManifest.xml:21:5-23:60
MERGED from [com.android.support:support-media-compat:25.1.0] AndroidManifest.xml:21:5-23:63
MERGED from [com.android.support:support-core-ui:25.1.0] AndroidManifest.xml:21:5-23:58
MERGED from [com.android.support:support-core-utils:25.1.0] AndroidManifest.xml:21:5-23:61
MERGED from [com.android.support:animated-vector-drawable:25.1.0] AndroidManifest.xml:20:5-44
MERGED from [com.android.support:support-vector-drawable:25.1.0] AndroidManifest.xml:21:5-43
MERGED from [com.android.support:support-compat:25.1.0] AndroidManifest.xml:21:5-23:58
	tools:overrideLibrary
		ADDED from [com.afollestad.material-dialogs:core:0.9.2.1] AndroidManifest.xml:11:9-72
	android:targetSdkVersion
		ADDED from src/main/AndroidManifest.xml:8:9-38
		INJECTED from src/main/AndroidManifest.xml
		INJECTED from src/main/AndroidManifest.xml
	android:minSdkVersion
		ADDED from src/main/AndroidManifest.xml:7:9-35
		INJECTED from src/main/AndroidManifest.xml
		INJECTED from src/main/AndroidManifest.xml
uses-permission#android.permission.WRITE_EXTERNAL_STORAGE
ADDED from src/main/AndroidManifest.xml:9:5-80
	android:name
		ADDED from src/main/AndroidManifest.xml:9:22-78
uses-permission#android.permission.ACCESS_NETWORK_STATE
ADDED from src/main/AndroidManifest.xml:10:5-78
MERGED from [Star Ticket Operator Gradle:sKConnectionDetector:unspecified] AndroidManifest.xml:11:5-79
	android:name
		ADDED from src/main/AndroidManifest.xml:10:22-76
uses-permission#android.permission.INTERNET
ADDED from src/main/AndroidManifest.xml:11:5-66
	android:name
		ADDED from src/main/AndroidManifest.xml:11:22-64
uses-permission#android.permission.BLUETOOTH
ADDED from src/main/AndroidManifest.xml:12:5-67
	android:name
		ADDED from src/main/AndroidManifest.xml:12:22-65
uses-permission#android.permission.BLUETOOTH_ADMIN
ADDED from src/main/AndroidManifest.xml:13:5-73
	android:name
		ADDED from src/main/AndroidManifest.xml:13:22-71
uses-permission#android.permission.MOUNT_UNMOUNT_FILESYSTEMS
ADDED from src/main/AndroidManifest.xml:14:5-83
	android:name
		ADDED from src/main/AndroidManifest.xml:14:22-81
application
ADDED from src/main/AndroidManifest.xml:16:5-58:19
MERGED from [com.github.dmytrodanylyk.shadow-layout:library:1.0.3] AndroidManifest.xml:12:5-20
MERGED from [com.afollestad.material-dialogs:core:0.9.2.1] AndroidManifest.xml:13:5-20
MERGED from [com.android.support:support-v13:25.1.0] AndroidManifest.xml:25:5-20
MERGED from [com.android.support:design:25.1.0] AndroidManifest.xml:25:5-20
MERGED from [com.android.support:transition:25.1.0] AndroidManifest.xml:22:5-20
MERGED from [com.android.support:appcompat-v7:25.1.0] AndroidManifest.xml:25:5-20
MERGED from [com.android.support:support-v4:25.1.0] AndroidManifest.xml:25:5-20
MERGED from [com.android.support:support-fragment:25.1.0] AndroidManifest.xml:25:5-20
MERGED from [com.android.support:support-media-compat:25.1.0] AndroidManifest.xml:25:5-20
MERGED from [com.android.support:support-core-ui:25.1.0] AndroidManifest.xml:25:5-20
MERGED from [com.android.support:support-core-utils:25.1.0] AndroidManifest.xml:25:5-20
MERGED from [com.android.support:animated-vector-drawable:25.1.0] AndroidManifest.xml:22:5-20
MERGED from [com.android.support:support-vector-drawable:25.1.0] AndroidManifest.xml:23:5-20
MERGED from [com.android.support:support-compat:25.1.0] AndroidManifest.xml:25:5-20
	android:label
		ADDED from src/main/AndroidManifest.xml:18:9-41
	android:icon
		ADDED from src/main/AndroidManifest.xml:17:9-45
	android:theme
		ADDED from src/main/AndroidManifest.xml:19:9-53
activity#com.ignite.mm.ticketing.MainActivity
ADDED from src/main/AndroidManifest.xml:20:9-29:20
	android:label
		ADDED from src/main/AndroidManifest.xml:22:13-56
	android:name
		ADDED from src/main/AndroidManifest.xml:21:13-41
intent-filter#android.intent.action.MAIN+android.intent.category.LAUNCHER
ADDED from src/main/AndroidManifest.xml:23:13-28:29
action#android.intent.action.MAIN
ADDED from src/main/AndroidManifest.xml:24:17-69
	android:name
		ADDED from src/main/AndroidManifest.xml:24:25-66
category#android.intent.category.LAUNCHER
ADDED from src/main/AndroidManifest.xml:27:17-77
	android:name
		ADDED from src/main/AndroidManifest.xml:27:27-74
activity#com.ignite.mm.ticketing.MenuActivity
ADDED from src/main/AndroidManifest.xml:30:9-96
	android:screenOrientation
		ADDED from src/main/AndroidManifest.xml:30:48-84
	android:name
		ADDED from src/main/AndroidManifest.xml:30:19-47
activity#com.ignite.mm.ticketing.MainFragment
ADDED from src/main/AndroidManifest.xml:31:9-96
	android:screenOrientation
		ADDED from src/main/AndroidManifest.xml:31:48-84
	android:name
		ADDED from src/main/AndroidManifest.xml:31:19-47
activity#com.ignite.mm.ticketing.MovieDateAndCinemaActivity
ADDED from src/main/AndroidManifest.xml:32:9-110
	android:screenOrientation
		ADDED from src/main/AndroidManifest.xml:32:62-98
	android:name
		ADDED from src/main/AndroidManifest.xml:32:19-61
activity#com.ignite.mm.ticketing.MovieTimeActivity
ADDED from src/main/AndroidManifest.xml:33:9-101
	android:screenOrientation
		ADDED from src/main/AndroidManifest.xml:33:53-89
	android:name
		ADDED from src/main/AndroidManifest.xml:33:19-52
activity#com.ignite.mm.ticketing.SelectingSeatActivity
ADDED from src/main/AndroidManifest.xml:34:9-105
	android:screenOrientation
		ADDED from src/main/AndroidManifest.xml:34:57-93
	android:name
		ADDED from src/main/AndroidManifest.xml:34:19-56
activity#com.ignite.mm.ticketing.Movie_Info_Activity
ADDED from src/main/AndroidManifest.xml:35:9-103
	android:screenOrientation
		ADDED from src/main/AndroidManifest.xml:35:55-91
	android:name
		ADDED from src/main/AndroidManifest.xml:35:19-54
activity#com.ignite.mm.ticketing.PDFMovieActivity
ADDED from src/main/AndroidManifest.xml:36:9-100
	android:screenOrientation
		ADDED from src/main/AndroidManifest.xml:36:52-88
	android:name
		ADDED from src/main/AndroidManifest.xml:36:19-51
activity#com.ignite.mm.ticketing.BusConfirmActivity
ADDED from src/main/AndroidManifest.xml:37:9-102
	android:screenOrientation
		ADDED from src/main/AndroidManifest.xml:37:54-90
	android:name
		ADDED from src/main/AndroidManifest.xml:37:19-53
activity#com.ignite.mm.ticketing.UserLogin
ADDED from src/main/AndroidManifest.xml:38:9-93
	android:screenOrientation
		ADDED from src/main/AndroidManifest.xml:38:45-81
	android:name
		ADDED from src/main/AndroidManifest.xml:38:19-44
activity#com.ignite.mm.ticketing.UserRegister
ADDED from src/main/AndroidManifest.xml:39:9-96
	android:screenOrientation
		ADDED from src/main/AndroidManifest.xml:39:48-84
	android:name
		ADDED from src/main/AndroidManifest.xml:39:19-47
activity#com.ignite.mm.ticketing.SelectDateActivity
ADDED from src/main/AndroidManifest.xml:40:9-102
	android:screenOrientation
		ADDED from src/main/AndroidManifest.xml:40:54-90
	android:name
		ADDED from src/main/AndroidManifest.xml:40:19-53
activity#com.ignite.mm.ticketing.TravelAgentsActivity
ADDED from src/main/AndroidManifest.xml:41:9-104
	android:screenOrientation
		ADDED from src/main/AndroidManifest.xml:41:56-92
	android:name
		ADDED from src/main/AndroidManifest.xml:41:19-55
activity#com.ignite.mm.ticketing.DeperatureTimeActivity
ADDED from src/main/AndroidManifest.xml:42:9-106
	android:screenOrientation
		ADDED from src/main/AndroidManifest.xml:42:58-94
	android:name
		ADDED from src/main/AndroidManifest.xml:42:19-57
activity#com.ignite.mm.ticketing.EditBusSelectSeatActivity
ADDED from src/main/AndroidManifest.xml:43:9-164
	android:screenOrientation
		ADDED from src/main/AndroidManifest.xml:43:61-97
	android:windowSoftInputMode
		ADDED from src/main/AndroidManifest.xml:43:98-152
	android:name
		ADDED from src/main/AndroidManifest.xml:43:19-60
activity#com.ignite.mm.ticketing.Bus_Info_Activity
ADDED from src/main/AndroidManifest.xml:44:9-101
	android:screenOrientation
		ADDED from src/main/AndroidManifest.xml:44:53-89
	android:name
		ADDED from src/main/AndroidManifest.xml:44:19-52
activity#com.ignite.mm.ticketing.PDFBusActivity
ADDED from src/main/AndroidManifest.xml:45:9-98
	android:screenOrientation
		ADDED from src/main/AndroidManifest.xml:45:50-86
	android:name
		ADDED from src/main/AndroidManifest.xml:45:19-49
activity#com.ignite.mm.ticketing.TicketPriceActivity
ADDED from src/main/AndroidManifest.xml:46:9-103
	android:screenOrientation
		ADDED from src/main/AndroidManifest.xml:46:55-91
	android:name
		ADDED from src/main/AndroidManifest.xml:46:19-54
activity#com.ignite.mm.ticketing.ShowInfoActivity
ADDED from src/main/AndroidManifest.xml:47:10-101
	android:screenOrientation
		ADDED from src/main/AndroidManifest.xml:47:53-89
	android:name
		ADDED from src/main/AndroidManifest.xml:47:20-52
activity#com.ignite.mm.ticketing.ShowInvoice
ADDED from src/main/AndroidManifest.xml:48:10-96
	android:screenOrientation
		ADDED from src/main/AndroidManifest.xml:48:48-84
	android:name
		ADDED from src/main/AndroidManifest.xml:48:20-47
activity#com.ignite.mm.ticketing.PDFTicketActivity
ADDED from src/main/AndroidManifest.xml:49:10-103
	android:screenOrientation
		ADDED from src/main/AndroidManifest.xml:49:54-91
	android:name
		ADDED from src/main/AndroidManifest.xml:49:20-53
activity#com.ignite.mm.ticketing.OtherListActivity
ADDED from src/main/AndroidManifest.xml:50:9-101
	android:screenOrientation
		ADDED from src/main/AndroidManifest.xml:50:53-89
	android:name
		ADDED from src/main/AndroidManifest.xml:50:19-52
activity#com.ignite.mm.ticketing.BusTimeActivity
ADDED from src/main/AndroidManifest.xml:51:9-99
	android:screenOrientation
		ADDED from src/main/AndroidManifest.xml:51:51-87
	android:name
		ADDED from src/main/AndroidManifest.xml:51:19-50
activity#com.ignite.mm.ticketing.BusTripsCityActivity
ADDED from src/main/AndroidManifest.xml:52:9-104
	android:screenOrientation
		ADDED from src/main/AndroidManifest.xml:52:56-92
	android:name
		ADDED from src/main/AndroidManifest.xml:52:19-55
activity#com.ignite.mm.ticketing.BusMenuActivity
ADDED from src/main/AndroidManifest.xml:53:9-99
	android:screenOrientation
		ADDED from src/main/AndroidManifest.xml:53:51-87
	android:name
		ADDED from src/main/AndroidManifest.xml:53:19-50
activity#com.ignite.mm.ticketing.BusBookingListActivity
ADDED from src/main/AndroidManifest.xml:54:9-106
	android:screenOrientation
		ADDED from src/main/AndroidManifest.xml:54:58-94
	android:name
		ADDED from src/main/AndroidManifest.xml:54:19-57
activity#com.ignite.mm.ticketing.BusBookingConfirmDeleteActivity
ADDED from src/main/AndroidManifest.xml:55:9-115
	android:screenOrientation
		ADDED from src/main/AndroidManifest.xml:55:67-103
	android:name
		ADDED from src/main/AndroidManifest.xml:55:19-66
activity#com.ignite.mm.ticketing.BusBookingDetailActivity
ADDED from src/main/AndroidManifest.xml:56:9-108
	android:screenOrientation
		ADDED from src/main/AndroidManifest.xml:56:60-96
	android:name
		ADDED from src/main/AndroidManifest.xml:56:19-59
activity#com.ignite.mm.ticketing.BusSeatViewPagerActivity
ADDED from src/main/AndroidManifest.xml:57:9-108
	android:screenOrientation
		ADDED from src/main/AndroidManifest.xml:57:60-96
	android:name
		ADDED from src/main/AndroidManifest.xml:57:19-59
android:uses-permission#android.permission.READ_PHONE_STATE
IMPLIED from src/main/AndroidManifest.xml:1:1-60:12 reason: com.prolificinteractive.materialcalendarview has a targetSdkVersion < 4
android:uses-permission#android.permission.READ_EXTERNAL_STORAGE
IMPLIED from src/main/AndroidManifest.xml:1:1-60:12 reason: com.prolificinteractive.materialcalendarview requested WRITE_EXTERNAL_STORAGE